<?xml version="1.0" encoding="UTF-8"?>
<!-- Generated by org.testng.reporters.JUnitReportReporter -->
<testsuite skipped="0" hostname="DESKTOP-PKG19R7" name="todo.testcases.TodoTest" tests="8" failures="0" timestamp="22 Oct 2024 20:16:27 GMT" time="19.233" errors="0">
  <testcase name="ShouldBeAbleToAddTest" time="0.887" classname="todo.testcases.TodoTest"/>
  <testcase name="ShouldNotBeAbleToGetAnotherUserTodoById" time="3.601" classname="todo.testcases.TodoTest"/>
  <testcase name="ShouldBeAbleToGetTodoById" time="5.140" classname="todo.testcases.TodoTest"/>
  <testcase name="ShouldBeAbleToAddTest" time="1.029" classname="todo.testcases.TodoTest"/>
  <testcase name="ShouldBeAbleToAddTest" time="0.568" classname="todo.testcases.TodoTest"/>
  <testcase name="shouldnotBeAbleToAddTodoIfIsCompletedMissing" time="0.669" classname="todo.testcases.TodoTest"/>
  <testcase name="ShouldBeAbleToDeleteTodoById" time="6.061" classname="todo.testcases.TodoTest"/>
  <testcase name="ShouldBeAbleToAddTest" time="1.278" classname="todo.testcases.TodoTest"/>
</testsuite> <!-- todo.testcases.TodoTest -->
