<?xml version="1.0" encoding="UTF-8"?>
<!-- Generated by org.testng.reporters.JUnitReportReporter -->
<testsuite skipped="0" hostname="DESKTOP-PKG19R7" name="todo.testcases.UserTest" tests="4" failures="0" timestamp="22 Oct 2024 20:16:27 GMT" time="11.461" errors="0">
  <testcase name="shouldnotBeableToRegister" time="5.376" classname="todo.testcases.UserTest"/>
  <testcase name="shouldBeAbleToRegister" time="1.463" classname="todo.testcases.UserTest"/>
  <testcase name="shouldnotBeableToLogin" time="3.071" classname="todo.testcases.UserTest"/>
  <testcase name="shouldBeableToLogin" time="1.551" classname="todo.testcases.UserTest"/>
</testsuite> <!-- todo.testcases.UserTest -->
