<?xml version="1.0" encoding="UTF-8"?>
<!-- Generated by org.testng.reporters.JUnitReportReporter -->
<testsuite skipped="0" hostname="DESKTOP-PKG19R7" name="todo.testcases.UserTest" tests="4" failures="0" timestamp="26 Oct 2024 13:08:07 GMT" time="8.456" errors="0">
  <testcase name="shouldnotBeableToLogin" time="1.968" classname="todo.testcases.UserTest"/>
  <testcase name="shouldBeableToLogin" time="2.392" classname="todo.testcases.UserTest"/>
  <testcase name="shouldBeAbleToRegister" time="1.808" classname="todo.testcases.UserTest"/>
  <testcase name="shouldnotBeableToRegister" time="2.288" classname="todo.testcases.UserTest"/>
</testsuite> <!-- todo.testcases.UserTest -->
