<?xml version="1.0" encoding="UTF-8"?>
<!-- Generated by org.testng.reporters.JUnitReportReporter -->
<testsuite skipped="0" hostname="DESKTOP-PKG19R7" name="todo.testcases.TodoTest" tests="8" failures="0" timestamp="26 Oct 2024 13:08:07 GMT" time="11.744" errors="0">
  <testcase name="ShouldBeAbleToAddTest" time="0.528" classname="todo.testcases.TodoTest"/>
  <testcase name="ShouldBeAbleToAddTest" time="1.712" classname="todo.testcases.TodoTest"/>
  <testcase name="ShouldBeAbleToDeleteTodoById" time="1.816" classname="todo.testcases.TodoTest"/>
  <testcase name="shouldnotBeAbleToAddTodoIfIsCompletedMissing" time="1.552" classname="todo.testcases.TodoTest"/>
  <testcase name="ShouldBeAbleToAddTest" time="0.520" classname="todo.testcases.TodoTest"/>
  <testcase name="ShouldBeAbleToGetTodoById" time="1.992" classname="todo.testcases.TodoTest"/>
  <testcase name="ShouldNotBeAbleToGetAnotherUserTodoById" time="3.016" classname="todo.testcases.TodoTest"/>
  <testcase name="ShouldBeAbleToAddTest" time="0.608" classname="todo.testcases.TodoTest"/>
</testsuite> <!-- todo.testcases.TodoTest -->
